{"level":"error","message":"Error de base de datos: Usuario no encontrado 3/11/2023, 15:12:05"}
{"level":"error","message":"Error de base de datos: Usuario no encontrado 4/11/2023, 10:21:28"}
{"level":"error","message":"Error de autenticación. Usuario no autorizado 4/11/2023, 10:22:01"}
{"level":"error","message":"Error de autenticación. Usuario no autorizado 4/11/2023, 10:23:20"}
{"level":"error","message":"Error de autenticación. Usuario no autorizado 4/11/2023, 10:27:55"}
{"level":"error","message":"Error de autenticación. Usuario no autorizado 4/11/2023, 10:35:26"}
{"level":"error","message":"Error de autenticación. Usuario no autorizado 4/11/2023, 10:37:09"}
{"level":"error","message":"Error al crear el usuario 4/11/2023, 10:43:53"}
{"level":"error","message":"Error de base de datos: Usuario no encontrado 4/11/2023, 10:51:16"}
{"level":"error","message":"Error de autenticación. No es prosible autenticar el usuario 4/11/2023, 15:43:47"}
{"level":"error","message":"Error de autenticación. No es prosible autenticar el usuario 4/11/2023, 16:41:19"}
{"level":"error","message":"Error de autenticación. No es prosible autenticar el usuario 4/11/2023, 17:11:13"}
{"level":"error","message":"Error de autenticación. No es prosible autenticar el usuario 4/11/2023, 17:48:14"}
{"level":"error","message":"Error de base de datos: Error al obtener el producto 4/11/2023, 21:25:25"}
{"level":"error","message":"Error de tipo de dato: Error al actualizar el producto 4/11/2023, 22:17:38"}
{"level":"error","message":"Error de tipo de dato: Error al actualizar el producto 4/11/2023, 22:19:50"}
{"level":"error","message":"Error de autenticación. No es prosible autenticar el usuario 5/11/2023, 9:14:40"}
{"level":"error","message":"Error de autenticación. Usuario sin permisos 5/11/2023, 9:17:53"}
{"level":"error","message":"Error de tipo de dato: Error al crear el producto 5/11/2023, 9:43:08"}
{"level":"error","message":"Error de tipo de dato: Error al actualizar el producto 5/11/2023, 9:43:08"}
{"level":"error","message":"Error de tipo de dato: Error al agregar productos al carrito 5/11/2023, 21:35:05"}
{"level":"error","message":"Error de tipo de dato: Error al agregar productos al carrito 5/11/2023, 21:36:16"}
{"level":"error","message":"Error de tipo de dato: Error al agregar productos al carrito 5/11/2023, 21:36:40"}
{"level":"error","message":"Error de tipo de dato: Error al agregar productos al carrito 5/11/2023, 21:38:26"}
{"level":"error","message":"Error de tipo de dato: Error al agregar productos al carrito 5/11/2023, 21:40:21"}
{"level":"error","message":"Error de tipo de dato: Error al agregar productos al carrito 5/11/2023, 21:41:06"}
{"level":"error","message":"Error de autenticación. Usuario ya existe 6/11/2023, 8:51:47"}
{"level":"error","message":"Error de autenticación. Usuario ya existe 6/11/2023, 8:54:31"}
{"level":"error","message":"Error de autenticación. Usuario ya existe 6/11/2023, 8:54:37"}
{"level":"error","message":"Usuario creado con éxito 6/11/2023, 8:55:38"}
{"level":"error","message":"Error de autenticación. Usuario ya existe 6/11/2023, 8:56:08"}
{"level":"error","message":"Usuario creado con éxito 6/11/2023, 8:56:39"}
{"level":"error","message":"Usuario creado con éxito 6/11/2023, 8:59:56"}
{"level":"error","message":"Error de base de datos: Usuario no encontrado 6/11/2023, 10:02:26"}
{"level":"error","message":"Error de base de datos: Usuario no encontrado 6/11/2023, 10:02:53"}
{"level":"error","message":"Error de base de datos: Usuario no encontrado 6/11/2023, 10:11:11"}
